<?xml version="1.0" encoding="UTF-8"?>
<!-- Generated by org.testng.reporters.JUnitReportReporter -->
<testsuite hostname="IND-AbhijitJ-Dell3410" failures="0" tests="3" name="com.ctt.qa.testcases.LoginTest" time="8.534" errors="0" timestamp="2024-03-27T11:49:54 IST" skipped="0">
  <testcase classname="com.ctt.qa.testcases.LoginTest" name="titleTest" time="0.023"/>
  <system-out/>
  <testcase classname="com.ctt.qa.testcases.LoginTest" name="loginData" time="0.469"/>
  <system-out/>
  <testcase classname="com.ctt.qa.testcases.LoginTest" name="testUserName" time="8.042"/>
  <system-out/>
</testsuite> <!-- com.ctt.qa.testcases.LoginTest -->
