<?xml version="1.0" encoding="UTF-8"?>
<!-- Generated by org.testng.reporters.JUnitReportReporter -->
<testsuite hostname="IND-AbhijitJ-Dell3410" failures="0" tests="4" name="AutomationProject.AutomationProject.TestMavenProject" time="0.012" errors="0" timestamp="2024-03-16T18:10:56 IST" skipped="0">
  <testcase classname="AutomationProject.AutomationProject.TestMavenProject" name="DataTest2" time="0.002"/>
  <system-out/>
  <testcase classname="AutomationProject.AutomationProject.TestMavenProject" name="DataTest4" time="0.000"/>
  <system-out/>
  <testcase classname="AutomationProject.AutomationProject.TestMavenProject" name="DataTest1" time="0.009"/>
  <system-out/>
  <testcase classname="AutomationProject.AutomationProject.TestMavenProject" name="DataTest3" time="0.001"/>
  <system-out/>
</testsuite> <!-- AutomationProject.AutomationProject.TestMavenProject -->
