<?xml version="1.0" encoding="UTF-8"?>
<!-- Generated by org.testng.reporters.JUnitReportReporter -->
<testsuite hostname="IND-AbhijitJ-Dell3410" failures="0" tests="3" name="Testdemo.GooglePage" time="37.852" errors="0" timestamp="2024-03-07T17:13:17 IST" skipped="0">
  <testcase classname="Testdemo.GooglePage" name="cttProject" time="4.019"/>
  <system-out/>
  <testcase classname="Testdemo.GooglePage" name="logincredentials" time="29.743"/>
  <system-out/>
  <testcase classname="Testdemo.GooglePage" name="Testdata" time="4.090"/>
  <system-out/>
</testsuite> <!-- Testdemo.GooglePage -->
