<?xml version="1.0" encoding="UTF-8"?>
<!-- Generated by org.testng.reporters.JUnitReportReporter -->
<testsuite hostname="IND-AbhijitJ-Dell3410" failures="0" tests="6" name="CTTAutoDemo.pieChart" time="121.030" errors="0" timestamp="2024-05-03T10:56:15 IST" skipped="0">
  <testcase classname="CTTAutoDemo.pieChart" name="CTT_Project_LoginPage_Displayed" time="4.047"/>
  <system-out/>
  <testcase classname="CTTAutoDemo.pieChart" name="CTT_EnterLogin_Details" time="3.197"/>
  <system-out/>
  <testcase classname="CTTAutoDemo.pieChart" name="open_Assigne_node" time="5.157"/>
  <system-out/>
  <testcase classname="CTTAutoDemo.pieChart" name="Validate_The_Pie_chart_Visbile_Or_Not" time="32.624"/>
  <system-out/>
  <testcase classname="CTTAutoDemo.pieChart" name="Remove_the_Node_and_Chek_Datafill_Percentage" time="28.190"/>
  <system-out/>
  <testcase classname="CTTAutoDemo.pieChart" name="Add_the_Node_and_Chek_Datafill_Percentage" time="47.815"/>
  <system-out/>
</testsuite> <!-- CTTAutoDemo.pieChart -->
