<?xml version="1.0" encoding="UTF-8"?>
<!-- Generated by org.testng.reporters.JUnitReportReporter -->
<testsuite hostname="IND-AbhijitJ-Dell3410" failures="0" tests="7" name="CTTAutoDemo.NewChildNodeCreated" time="177.796" errors="0" timestamp="2024-04-09T20:07:31 IST" skipped="0">
  <testcase classname="CTTAutoDemo.NewChildNodeCreated" name="CTT_Project_LoginPage_Displayed" time="2.046"/>
  <system-out/>
  <testcase classname="CTTAutoDemo.NewChildNodeCreated" name="CTT_EnterLogin_Details" time="5.630"/>
  <system-out/>
  <testcase classname="CTTAutoDemo.NewChildNodeCreated" name="Check_The_SKUList_Page_open_Or_Not" time="38.845"/>
  <system-out/>
  <testcase classname="CTTAutoDemo.NewChildNodeCreated" name="verify_The_SKU_List_Page_Title_And_Cut_The_SingleSKU" time="26.296"/>
  <system-out/>
  <testcase classname="CTTAutoDemo.NewChildNodeCreated" name="Cut_the_All_SKU_From_The_Leaf_Node" time="29.073"/>
  <system-out/>
  <testcase classname="CTTAutoDemo.NewChildNodeCreated" name="Verify_through_the_AG_grid_Cut_Single_SKU" time="42.364"/>
  <system-out/>
  <testcase classname="CTTAutoDemo.NewChildNodeCreated" name="Verify_through_the_AG_grid_Cut_ALL_SKU" time="33.542"/>
  <system-out/>
</testsuite> <!-- CTTAutoDemo.NewChildNodeCreated -->
