<?xml version="1.0" encoding="UTF-8"?>
<!-- Generated by org.testng.reporters.JUnitReportReporter -->
<testsuite hostname="IND-AbhijitJ-Dell3410" failures="0" tests="16" name="CTT_Demo.ctt_smoke_test" time="254.050" errors="0" timestamp="2024-04-22T16:50:03 IST" skipped="0">
  <testcase classname="CTT_Demo.ctt_smoke_test" name="CTT_Login_Page_Displayed_And_Enters_Login_Details" time="2.016"/>
  <system-out/>
  <testcase classname="CTT_Demo.ctt_smoke_test" name="Verify_Login_Person_Name" time="2.535"/>
  <system-out/>
  <testcase classname="CTT_Demo.ctt_smoke_test" name="Navigate_To_The_User_Menu" time="3.024"/>
  <system-out/>
  <testcase classname="CTT_Demo.ctt_smoke_test" name="Navigate_To_The_Project_Menu" time="3.945"/>
  <system-out/>
  <testcase classname="CTT_Demo.ctt_smoke_test" name="Navigate_To_The_Home_Menu_Check_AssignUser_menu" time="8.137"/>
  <system-out/>
  <testcase classname="CTT_Demo.ctt_smoke_test" name="Navigate_To_The_Home_Menu_Check_Comment_menu" time="5.814"/>
  <system-out/>
  <testcase classname="CTT_Demo.ctt_smoke_test" name="Navigate_To_The_Home_Menu_Check_History_menu" time="6.996"/>
  <system-out/>
  <testcase classname="CTT_Demo.ctt_smoke_test" name="Open_Same_Project_Check_Header_Tab" time="1.763"/>
  <system-out/>
  <testcase classname="CTT_Demo.ctt_smoke_test" name="Verifyed_Hedaer_Tab_Attribute_SKU_AGGrid" time="36.853"/>
  <system-out/>
  <testcase classname="CTT_Demo.ctt_smoke_test" name="Verify_Open_Old_Created_Project_and_Add_JSON_File_and_AssignNode1" time="52.610"/>
  <system-out/>
  <testcase classname="CTT_Demo.ctt_smoke_test" name="open_Assigne_node" time="26.102"/>
  <system-out/>
  <testcase classname="CTT_Demo.ctt_smoke_test" name="Verified_Node_As_Completed_Or_Not" time="9.364"/>
  <system-out/>
  <testcase classname="CTT_Demo.ctt_smoke_test" name="Verify_Open_Old_Created_Project_and_Add_JSON_File_and_AssignNode" time="41.456"/>
  <system-out/>
  <testcase classname="CTT_Demo.ctt_smoke_test" name="Verified_Node_As_Reintegrtaed_Or_Not" time="9.460"/>
  <system-out/>
  <testcase classname="CTT_Demo.ctt_smoke_test" name="Reintegrted_Node_Reassigned_To_The_Analyst" time="32.354"/>
  <system-out/>
  <testcase classname="CTT_Demo.ctt_smoke_test" name="Verified_Node_As_Reassigned_Or_Not" time="11.621"/>
  <system-out/>
</testsuite> <!-- CTT_Demo.ctt_smoke_test -->
