<?xml version="1.0" encoding="UTF-8"?>
<!-- Generated by org.testng.reporters.JUnitReportReporter -->
<testsuite hostname="IND-AbhijitJ-Dell3410" failures="0" tests="14" name="CTTAutoDemo.SmokeTesting" time="369.981" errors="0" timestamp="2024-04-09T19:41:46 IST" skipped="0">
  <testcase classname="CTTAutoDemo.SmokeTesting" name="Verify_CTT_Project_Login_Page_Displayed" time="2.021"/>
  <system-out/>
  <testcase classname="CTTAutoDemo.SmokeTesting" name="User_Enters_Login_Details" time="11.561"/>
  <system-out/>
  <testcase classname="CTTAutoDemo.SmokeTesting" name="Verify_Login_with_Person_Name" time="2.038"/>
  <system-out/>
  <testcase classname="CTTAutoDemo.SmokeTesting" name="Verify_the_Open_Old_Created_Project_and_Add_JSON_File" time="26.585"/>
  <system-out/>
  <testcase classname="CTTAutoDemo.SmokeTesting" name="old_Created_Project_Open_and_AssigneNode_To_The_Analyst_WithoutSave_JZON" time="12.007"/>
  <system-out/>
  <testcase classname="CTTAutoDemo.SmokeTesting" name="old_Created_Project_Open_andAssigneNode_To_The_Analyst_After_Save_JZON" time="47.130"/>
  <system-out/>
  <testcase classname="CTTAutoDemo.SmokeTesting" name="open_Assigne_node" time="12.962"/>
  <system-out/>
  <testcase classname="CTTAutoDemo.SmokeTesting" name="Add_Child_Node" time="38.661"/>
  <system-out/>
  <testcase classname="CTTAutoDemo.SmokeTesting" name="Verified_Node_As_Completed_Or_Not" time="16.325"/>
  <system-out/>
  <testcase classname="CTTAutoDemo.SmokeTesting" name="Reintegrated_The_Node_as_Completed" time="69.972"/>
  <system-out/>
  <testcase classname="CTTAutoDemo.SmokeTesting" name="Verified_Node_Status_As_Reintegrated_or_Not" time="16.288"/>
  <system-out/>
  <testcase classname="CTTAutoDemo.SmokeTesting" name="Reintegrted_Node_Reassigned_To_The_Analyst" time="38.949"/>
  <system-out/>
  <testcase classname="CTTAutoDemo.SmokeTesting" name="Verified_Reintegrted_Status_ChangedTo_Assign" time="16.297"/>
  <system-out/>
  <testcase classname="CTTAutoDemo.SmokeTesting" name="Verifyed_AGGrid_and_Search_Taxonomy" time="59.185"/>
  <system-out/>
</testsuite> <!-- CTTAutoDemo.SmokeTesting -->
