<?xml version="1.0" encoding="UTF-8"?>
<!-- Generated by org.testng.reporters.JUnitReportReporter -->
<testsuite hostname="IND-AbhijitJ-Dell3410" failures="0" tests="5" name="CTT_Demo.CTT__Login_Page" time="14.004" errors="0" timestamp="2024-04-10T14:04:37 IST" skipped="0">
  <testcase classname="CTT_Demo.CTT__Login_Page" name="CTT_Login_Page_Displayed_And_Enters_Login_Details" time="2.123"/>
  <system-out/>
  <testcase classname="CTT_Demo.CTT__Login_Page" name="Verify_Login_Person_Name" time="2.611"/>
  <system-out/>
  <testcase classname="CTT_Demo.CTT__Login_Page" name="Navigate_To_The_User_Menu" time="3.520"/>
  <system-out/>
  <testcase classname="CTT_Demo.CTT__Login_Page" name="Navigate_To_The_Project_Menu" time="5.562"/>
  <system-out/>
  <testcase classname="CTT_Demo.CTT__Login_Page" name="Navigate_To_The_Home_Menu" time="0.188"/>
  <system-out/>
</testsuite> <!-- CTT_Demo.CTT__Login_Page -->
