<?xml version="1.0" encoding="UTF-8"?>
<!-- Generated by org.testng.reporters.JUnitReportReporter -->
<testsuite hostname="IND-AbhijitJ-Dell3410" failures="0" tests="3" name="Testdemo.Hoffmaster" time="122.423" errors="0" timestamp="2024-05-03T12:02:48 IST" skipped="0">
  <testcase classname="Testdemo.Hoffmaster" name="CTT_Login_Page_Displayed_And_Enters_Login_Details" time="53.832"/>
  <system-out/>
  <testcase classname="Testdemo.Hoffmaster" name="Verify_Login_Person_Name" time="0.073"/>
  <system-out/>
  <testcase classname="Testdemo.Hoffmaster" name="Navigate_To_The_User_Menu" time="68.518"/>
  <system-out/>
</testsuite> <!-- Testdemo.Hoffmaster -->
