<?xml version="1.0" encoding="UTF-8"?>
<!-- Generated by org.testng.reporters.JUnitReportReporter -->
<testsuite hostname="IND-AbhijitJ-Dell3410" failures="0" tests="11" name="Testdemo.Invocationcount" time="0.024" errors="0" timestamp="2024-03-07T12:09:59 IST" skipped="0">
  <testcase classname="Testdemo.Invocationcount" name="DataTest" time="0.003"/>
  <system-out/>
  <testcase classname="Testdemo.Invocationcount" name="DataTest" time="0.000"/>
  <system-out/>
  <testcase classname="Testdemo.Invocationcount" name="DataTest" time="0.013"/>
  <system-out/>
  <testcase classname="Testdemo.Invocationcount" name="DataTest" time="0.002"/>
  <system-out/>
  <testcase classname="Testdemo.Invocationcount" name="DataTest" time="0.001"/>
  <system-out/>
  <testcase classname="Testdemo.Invocationcount" name="DataTest" time="0.001"/>
  <system-out/>
  <testcase classname="Testdemo.Invocationcount" name="DataTest" time="0.001"/>
  <system-out/>
  <testcase classname="Testdemo.Invocationcount" name="DataTest" time="0.000"/>
  <system-out/>
  <testcase classname="Testdemo.Invocationcount" name="DataTest" time="0.001"/>
  <system-out/>
  <testcase classname="Testdemo.Invocationcount" name="DataTest" time="0.001"/>
  <system-out/>
  <testcase classname="Testdemo.Invocationcount" name="DataTest12" time="0.001"/>
  <system-out/>
</testsuite> <!-- Testdemo.Invocationcount -->
