<?xml version="1.0" encoding="UTF-8"?>
<!-- Generated by org.testng.reporters.JUnitReportReporter -->
<testsuite hostname="IND-AbhijitJ-Dell3410" failures="0" tests="6" name="CTT_Demo.data_fill_rate_pieChart" time="114.355" errors="0" timestamp="2024-04-13T10:07:46 IST" skipped="0">
  <testcase classname="CTT_Demo.data_fill_rate_pieChart" name="CTT_Project_LoginPage_Displayed" time="2.025"/>
  <system-out/>
  <testcase classname="CTT_Demo.data_fill_rate_pieChart" name="CTT_EnterLogin_Details" time="10.691"/>
  <system-out/>
  <testcase classname="CTT_Demo.data_fill_rate_pieChart" name="open_Assigne_node" time="4.440"/>
  <system-out/>
  <testcase classname="CTT_Demo.data_fill_rate_pieChart" name="Validate_The_Pie_chart_Visbile_Or_Not" time="32.710"/>
  <system-out/>
  <testcase classname="CTT_Demo.data_fill_rate_pieChart" name="Remove_the_Node_and_Chek_Datafill_Percentage" time="28.297"/>
  <system-out/>
  <testcase classname="CTT_Demo.data_fill_rate_pieChart" name="Add_the_Node_and_Chek_Datafill_Percentage" time="36.192"/>
  <system-out/>
</testsuite> <!-- CTT_Demo.data_fill_rate_pieChart -->
