<?xml version="1.0" encoding="UTF-8"?>
<!-- Generated by org.testng.reporters.JUnitReportReporter -->
<testsuite hostname="IND-AbhijitJ-Dell3410" failures="0" tests="2" name="Testdemo.TestngDemo" time="0.002" errors="0" timestamp="2024-03-07T12:09:59 IST" skipped="0">
  <testcase classname="Testdemo.TestngDemo" name="Googlelogoverify2ndtest" time="0.002"/>
  <system-out/>
  <testcase classname="Testdemo.TestngDemo" name="writetestcasesfirst" time="0.000"/>
  <system-out/>
</testsuite> <!-- Testdemo.TestngDemo -->
