<?xml version="1.0" encoding="UTF-8"?>
<!-- Generated by org.testng.reporters.JUnitReportReporter -->
<testsuite hostname="IND-AbhijitJ-Dell3410" failures="0" tests="20" name="CTTAutoDemo.CTTAutoDem" time="590.392" errors="0" timestamp="2024-03-27T16:59:52 IST" skipped="0">
  <testcase classname="CTTAutoDemo.CTTAutoDem" name="Verify_CTT_Project_Login_Page_Displayed" time="2.038"/>
  <system-out/>
  <testcase classname="CTTAutoDemo.CTTAutoDem" name="User_Enters_Login_Details" time="11.684"/>
  <system-out/>
  <testcase classname="CTTAutoDemo.CTTAutoDem" name="Verify_Login_with_Person_Name" time="5.071"/>
  <system-out/>
  <testcase classname="CTTAutoDemo.CTTAutoDem" name="Create_New_User" time="17.603"/>
  <system-out/>
  <testcase classname="CTTAutoDemo.CTTAutoDem" name="Created_User_Modified" time="11.985"/>
  <system-out/>
  <testcase classname="CTTAutoDemo.CTTAutoDem" name="created_User_Delete" time="11.642"/>
  <system-out/>
  <testcase classname="CTTAutoDemo.CTTAutoDem" name="Create_New_Project" time="19.897"/>
  <system-out/>
  <testcase classname="CTTAutoDemo.CTTAutoDem" name="Open_Created_Project_and_Add_JSON_File" time="74.340"/>
  <system-out/>
  <testcase classname="CTTAutoDemo.CTTAutoDem" name="Open_Same_Project_Check_Header_Tab" time="36.103"/>
  <system-out/>
  <testcase classname="CTTAutoDemo.CTTAutoDem" name="AssigneNode_To_The_Analyst" time="27.081"/>
  <system-out/>
  <testcase classname="CTTAutoDemo.CTTAutoDem" name="AddNew_User_to_The_Project" time="36.900"/>
  <system-out/>
  <testcase classname="CTTAutoDemo.CTTAutoDem" name="AddNew_User_To_Assigne_Node" time="47.219"/>
  <system-out/>
  <testcase classname="CTTAutoDemo.CTTAutoDem" name="open_Assigne_node" time="16.074"/>
  <system-out/>
  <testcase classname="CTTAutoDemo.CTTAutoDem" name="Add_Child_Node" time="38.461"/>
  <system-out/>
  <testcase classname="CTTAutoDemo.CTTAutoDem" name="Verified_Node_As_Completed_Or_Not" time="17.880"/>
  <system-out/>
  <testcase classname="CTTAutoDemo.CTTAutoDem" name="Reintegrated_The_Node_as_Completed" time="68.158"/>
  <system-out/>
  <testcase classname="CTTAutoDemo.CTTAutoDem" name="Verified_Node_Status_As_Reintegrated_or_Not" time="17.888"/>
  <system-out/>
  <testcase classname="CTTAutoDemo.CTTAutoDem" name="Reintegrted_Node_Reassigned_To_The_Analyst" time="46.204"/>
  <system-out/>
  <testcase classname="CTTAutoDemo.CTTAutoDem" name="Verified_Reintegrted_Status_ChangedTo_Assign" time="18.041"/>
  <system-out/>
  <testcase classname="CTTAutoDemo.CTTAutoDem" name="Verifyed_AGGrid_and_Search_Taxonomy" time="66.123"/>
  <system-out/>
</testsuite> <!-- CTTAutoDemo.CTTAutoDem -->
