<?xml version="1.0" encoding="UTF-8"?>
<!-- Generated by org.testng.reporters.JUnitReportReporter -->
<testsuite hostname="IND-AbhijitJ-Dell3410" failures="0" tests="1" name="AutomationProject.AutomationProject.AppTest" time="0.013" errors="0" timestamp="2024-06-13T10:07:36 IST" skipped="0">
  <testcase classname="AutomationProject.AutomationProject.AppTest" name="shouldAnswerWithTrue" time="0.013"/>
  <system-out/>
</testsuite> <!-- AutomationProject.AutomationProject.AppTest -->
