<?xml version="1.0" encoding="UTF-8"?>
<!-- Generated by org.testng.reporters.JUnitReportReporter -->
<testsuite hostname="IND-AbhijitJ-Dell3410" failures="0" tests="3" name="com.ctt.qa.testcases.LoginTest" time="0.000" errors="0" timestamp="2024-06-13T10:07:35 IST" skipped="3">
  <testcase classname="com.ctt.qa.testcases.LoginTest" name="titleTest" time="0.000">
    <skipped/>
  </testcase> <!-- titleTest -->
  <system-out/>
  <testcase classname="com.ctt.qa.testcases.LoginTest" name="loginData" time="0.000">
    <skipped/>
  </testcase> <!-- loginData -->
  <system-out/>
  <testcase classname="com.ctt.qa.testcases.LoginTest" name="testUserName" time="0.000">
    <skipped/>
  </testcase> <!-- testUserName -->
  <system-out/>
</testsuite> <!-- com.ctt.qa.testcases.LoginTest -->
