<?xml version="1.0" encoding="UTF-8"?>
<!-- Generated by org.testng.reporters.JUnitReportReporter -->
<testsuite hostname="IND-AbhijitJ-Dell3410" failures="0" tests="3" name="AutomationProject.AutomationProject.TestMavenProject2" time="0.001" errors="0" timestamp="2024-06-13T10:07:35 IST" skipped="3">
  <testcase classname="AutomationProject.AutomationProject.TestMavenProject2" name="cttProject" time="0.001">
    <skipped/>
  </testcase> <!-- cttProject -->
  <system-out/>
  <testcase classname="AutomationProject.AutomationProject.TestMavenProject2" name="logincredentials" time="0.000">
    <skipped/>
  </testcase> <!-- logincredentials -->
  <system-out/>
  <testcase classname="AutomationProject.AutomationProject.TestMavenProject2" name="Testdata" time="0.000">
    <skipped/>
  </testcase> <!-- Testdata -->
  <system-out/>
</testsuite> <!-- AutomationProject.AutomationProject.TestMavenProject2 -->
