<?xml version="1.0" encoding="UTF-8"?>
<!-- Generated by org.testng.reporters.JUnitReportReporter -->
<testsuite hostname="IND-AbhijitJ-Dell3410" failures="0" tests="4" name="AutomationProject.AutomationProject.TestMavenProject" time="0.000" errors="0" timestamp="2024-06-13T10:07:35 IST" skipped="4">
  <testcase classname="AutomationProject.AutomationProject.TestMavenProject" name="DataTest1" time="0.000">
    <skipped/>
  </testcase> <!-- DataTest1 -->
  <system-out/>
  <testcase classname="AutomationProject.AutomationProject.TestMavenProject" name="DataTest3" time="0.000">
    <skipped/>
  </testcase> <!-- DataTest3 -->
  <system-out/>
  <testcase classname="AutomationProject.AutomationProject.TestMavenProject" name="DataTest2" time="0.000">
    <skipped/>
  </testcase> <!-- DataTest2 -->
  <system-out/>
  <testcase classname="AutomationProject.AutomationProject.TestMavenProject" name="DataTest4" time="0.000">
    <skipped/>
  </testcase> <!-- DataTest4 -->
  <system-out/>
</testsuite> <!-- AutomationProject.AutomationProject.TestMavenProject -->
