<?xml version="1.0" encoding="UTF-8"?>
<!-- Generated by org.testng.reporters.JUnitReportReporter -->
<testsuite hostname="IND-AbhijitJ-Dell3410" failures="0" tests="4" name="Testmaven.TestMavenProject" time="0.010" errors="0" timestamp="2024-06-14T19:48:39 IST" skipped="0">
  <testcase classname="Testmaven.TestMavenProject" name="DataTest3" time="0.000"/>
  <system-out/>
  <testcase classname="Testmaven.TestMavenProject" name="DataTest4" time="0.001"/>
  <system-out/>
  <testcase classname="Testmaven.TestMavenProject" name="DataTest1" time="0.009"/>
  <system-out/>
  <testcase classname="Testmaven.TestMavenProject" name="DataTest2" time="0.000"/>
  <system-out/>
</testsuite> <!-- Testmaven.TestMavenProject -->
