<?xml version="1.0" encoding="UTF-8"?>
<!-- Generated by org.testng.reporters.JUnitReportReporter -->
<testsuite hostname="IND-AbhijitJ-Dell3410" failures="0" tests="4" name="Testmaven.TestMavenProject3" time="0.000" errors="0" timestamp="2024-06-14T19:48:39 IST" skipped="0">
  <testcase classname="Testmaven.TestMavenProject3" name="DataTest1" time="0.000"/>
  <system-out/>
  <testcase classname="Testmaven.TestMavenProject3" name="DataTest4" time="0.000"/>
  <system-out/>
  <testcase classname="Testmaven.TestMavenProject3" name="DataTest2" time="0.000"/>
  <system-out/>
  <testcase classname="Testmaven.TestMavenProject3" name="DataTest3" time="0.000"/>
  <system-out/>
</testsuite> <!-- Testmaven.TestMavenProject3 -->
